Determining if the pthread_create exist failed with the following output:
Change Dir: /home/ubuntu/dev/teal/CMakeFiles/CMakeTmp

Run Build Command:"/usr/bin/make" "cmTC_7f2e1/fast"
make[1]: Entering directory '/home/ubuntu/dev/teal/CMakeFiles/CMakeTmp'
/usr/bin/make -f CMakeFiles/cmTC_7f2e1.dir/build.make CMakeFiles/cmTC_7f2e1.dir/build
make[2]: Entering directory '/home/ubuntu/dev/teal/CMakeFiles/CMakeTmp'
Building C object CMakeFiles/cmTC_7f2e1.dir/CheckSymbolExists.c.o
/usr/bin/gcc   -std=c11  -Wall -Wextra -Wpointer-arith -Wundef -Wvla -Wwrite-strings -Werror -Wno-error=extra -Wno-error=unused-function -Wno-error=deprecated-declarations -Wno-error=sign-compare -Wno-error=strict-aliasing -Wno-error=type-limits -Wno-unused-parameter -Wno-error=unused-variable -Wno-error=undef -Wno-error=uninitialized -Wno-error=unused-result -Wlogical-op -Wno-error=maybe-uninitialized -Wno-error=clobbered -Wno-error=unused-but-set-variable -Wno-error=odr -Waggregate-return -Wnested-externs -Wold-style-definition -Wno-strict-prototypes -march=native -maes    -o CMakeFiles/cmTC_7f2e1.dir/CheckSymbolExists.c.o   -c /home/ubuntu/dev/teal/CMakeFiles/CMakeTmp/CheckSymbolExists.c
Linking C executable cmTC_7f2e1
/usr/bin/cmake -E cmake_link_script CMakeFiles/cmTC_7f2e1.dir/link.txt --verbose=1
/usr/bin/gcc  -std=c11  -Wall -Wextra -Wpointer-arith -Wundef -Wvla -Wwrite-strings -Werror -Wno-error=extra -Wno-error=unused-function -Wno-error=deprecated-declarations -Wno-error=sign-compare -Wno-error=strict-aliasing -Wno-error=type-limits -Wno-unused-parameter -Wno-error=unused-variable -Wno-error=undef -Wno-error=uninitialized -Wno-error=unused-result -Wlogical-op -Wno-error=maybe-uninitialized -Wno-error=clobbered -Wno-error=unused-but-set-variable -Wno-error=odr -Waggregate-return -Wnested-externs -Wold-style-definition -Wno-strict-prototypes -march=native -maes     -rdynamic CMakeFiles/cmTC_7f2e1.dir/CheckSymbolExists.c.o  -o cmTC_7f2e1 
CMakeFiles/cmTC_7f2e1.dir/CheckSymbolExists.c.o: In function `main':
CheckSymbolExists.c:(.text+0x1b): undefined reference to `pthread_create'
collect2: error: ld returned 1 exit status
CMakeFiles/cmTC_7f2e1.dir/build.make:97: recipe for target 'cmTC_7f2e1' failed
make[2]: *** [cmTC_7f2e1] Error 1
make[2]: Leaving directory '/home/ubuntu/dev/teal/CMakeFiles/CMakeTmp'
Makefile:126: recipe for target 'cmTC_7f2e1/fast' failed
make[1]: *** [cmTC_7f2e1/fast] Error 2
make[1]: Leaving directory '/home/ubuntu/dev/teal/CMakeFiles/CMakeTmp'

File /home/ubuntu/dev/teal/CMakeFiles/CMakeTmp/CheckSymbolExists.c:
/* */
#include <pthread.h>

int main(int argc, char** argv)
{
  (void)argv;
#ifndef pthread_create
  return ((int*)(&pthread_create))[argc];
#else
  (void)argc;
  return 0;
#endif
}

Determining if the function pthread_create exists in the pthreads failed with the following output:
Change Dir: /home/ubuntu/dev/teal/CMakeFiles/CMakeTmp

Run Build Command:"/usr/bin/make" "cmTC_df08f/fast"
make[1]: Entering directory '/home/ubuntu/dev/teal/CMakeFiles/CMakeTmp'
/usr/bin/make -f CMakeFiles/cmTC_df08f.dir/build.make CMakeFiles/cmTC_df08f.dir/build
make[2]: Entering directory '/home/ubuntu/dev/teal/CMakeFiles/CMakeTmp'
Building C object CMakeFiles/cmTC_df08f.dir/CheckFunctionExists.c.o
/usr/bin/gcc   -std=c11  -Wall -Wextra -Wpointer-arith -Wundef -Wvla -Wwrite-strings -Werror -Wno-error=extra -Wno-error=unused-function -Wno-error=deprecated-declarations -Wno-error=sign-compare -Wno-error=strict-aliasing -Wno-error=type-limits -Wno-unused-parameter -Wno-error=unused-variable -Wno-error=undef -Wno-error=uninitialized -Wno-error=unused-result -Wlogical-op -Wno-error=maybe-uninitialized -Wno-error=clobbered -Wno-error=unused-but-set-variable -Wno-error=odr -Waggregate-return -Wnested-externs -Wold-style-definition -Wno-strict-prototypes -march=native -maes -DCHECK_FUNCTION_EXISTS=pthread_create   -o CMakeFiles/cmTC_df08f.dir/CheckFunctionExists.c.o   -c /usr/share/cmake-3.10/Modules/CheckFunctionExists.c
Linking C executable cmTC_df08f
/usr/bin/cmake -E cmake_link_script CMakeFiles/cmTC_df08f.dir/link.txt --verbose=1
/usr/bin/gcc  -std=c11  -Wall -Wextra -Wpointer-arith -Wundef -Wvla -Wwrite-strings -Werror -Wno-error=extra -Wno-error=unused-function -Wno-error=deprecated-declarations -Wno-error=sign-compare -Wno-error=strict-aliasing -Wno-error=type-limits -Wno-unused-parameter -Wno-error=unused-variable -Wno-error=undef -Wno-error=uninitialized -Wno-error=unused-result -Wlogical-op -Wno-error=maybe-uninitialized -Wno-error=clobbered -Wno-error=unused-but-set-variable -Wno-error=odr -Waggregate-return -Wnested-externs -Wold-style-definition -Wno-strict-prototypes -march=native -maes -DCHECK_FUNCTION_EXISTS=pthread_create    -rdynamic CMakeFiles/cmTC_df08f.dir/CheckFunctionExists.c.o  -o cmTC_df08f -lpthreads 
/usr/bin/ld: cannot find -lpthreads
collect2: error: ld returned 1 exit status
CMakeFiles/cmTC_df08f.dir/build.make:97: recipe for target 'cmTC_df08f' failed
make[2]: *** [cmTC_df08f] Error 1
make[2]: Leaving directory '/home/ubuntu/dev/teal/CMakeFiles/CMakeTmp'
Makefile:126: recipe for target 'cmTC_df08f/fast' failed
make[1]: *** [cmTC_df08f/fast] Error 2
make[1]: Leaving directory '/home/ubuntu/dev/teal/CMakeFiles/CMakeTmp'


